2023-11-21 17:49:27,727 [restartedMain] INFO  org.springframework.boot.devtools.env.DevToolsPropertyDefaultsPostProcessor(logTo:255) - Devtools property defaults active! Set 'spring.devtools.add-properties' to 'false' to disable
2023-11-21 17:49:27,741 [restartedMain] INFO  org.springframework.boot.devtools.env.DevToolsPropertyDefaultsPostProcessor(logTo:255) - For additional web related logging consider setting the 'logging.level.web' property to 'DEBUG'
2023-11-21 17:49:30,270 [restartedMain] INFO  org.springframework.data.repository.config.RepositoryConfigurationDelegate(registerRepositoriesIn:132) - Bootstrapping Spring Data JDBC repositories in DEFAULT mode.
2023-11-21 17:49:30,302 [restartedMain] INFO  org.springframework.data.repository.config.RepositoryConfigurationDelegate(registerRepositoriesIn:201) - Finished Spring Data repository scanning in 21 ms. Found 0 JDBC repository interfaces.
2023-11-21 17:49:30,697 [restartedMain] INFO  org.springframework.cloud.context.scope.GenericScope(setSerializationId:283) - BeanFactory id=ba4cd953-a03b-3377-8c33-6e64943bb7d9
2023-11-21 17:49:31,455 [restartedMain] INFO  org.springframework.context.support.PostProcessorRegistrationDelegate$BeanPostProcessorChecker(postProcessAfterInitialization:376) - Bean 'org.springframework.ws.config.annotation.DelegatingWsConfiguration' of type [org.springframework.ws.config.annotation.DelegatingWsConfiguration$$EnhancerBySpringCGLIB$$2db52b96] is not eligible for getting processed by all BeanPostProcessors (for example: not eligible for auto-proxying)
2023-11-21 17:49:31,510 [restartedMain] INFO  org.springframework.ws.soap.addressing.server.AnnotationActionEndpointMapping(afterPropertiesSet:239) - Supporting [WS-Addressing August 2004, WS-Addressing 1.0]
2023-11-21 17:49:33,392 [restartedMain] INFO  org.springframework.boot.web.embedded.tomcat.TomcatWebServer(initialize:108) - Tomcat initialized with port(s): 6005 (http)
2023-11-21 17:49:33,687 [restartedMain] INFO  org.springframework.boot.web.servlet.context.ServletWebServerApplicationContext(prepareWebApplicationContext:292) - Root WebApplicationContext: initialization completed in 5943 ms
2023-11-21 17:49:36,339 [restartedMain] INFO  org.springframework.boot.devtools.autoconfigure.OptionalLiveReloadServer(startServer:59) - LiveReload server is running on port 35729
2023-11-21 17:49:37,819 [restartedMain] INFO  org.springframework.boot.web.embedded.tomcat.TomcatWebServer(start:220) - Tomcat started on port(s): 6005 (http) with context path ''
2023-11-21 17:49:54,404 [restartedMain] INFO  org.springframework.boot.devtools.env.DevToolsPropertyDefaultsPostProcessor(logTo:255) - Devtools property defaults active! Set 'spring.devtools.add-properties' to 'false' to disable
2023-11-21 17:49:54,405 [restartedMain] INFO  org.springframework.boot.devtools.env.DevToolsPropertyDefaultsPostProcessor(logTo:255) - For additional web related logging consider setting the 'logging.level.web' property to 'DEBUG'
2023-11-21 17:49:55,929 [restartedMain] INFO  org.springframework.data.repository.config.RepositoryConfigurationDelegate(registerRepositoriesIn:132) - Bootstrapping Spring Data JDBC repositories in DEFAULT mode.
2023-11-21 17:49:55,960 [restartedMain] INFO  org.springframework.data.repository.config.RepositoryConfigurationDelegate(registerRepositoriesIn:201) - Finished Spring Data repository scanning in 22 ms. Found 0 JDBC repository interfaces.
2023-11-21 17:49:56,323 [restartedMain] INFO  org.springframework.cloud.context.scope.GenericScope(setSerializationId:283) - BeanFactory id=ba4cd953-a03b-3377-8c33-6e64943bb7d9
2023-11-21 17:49:56,592 [restartedMain] INFO  org.springframework.context.support.PostProcessorRegistrationDelegate$BeanPostProcessorChecker(postProcessAfterInitialization:376) - Bean 'org.springframework.ws.config.annotation.DelegatingWsConfiguration' of type [org.springframework.ws.config.annotation.DelegatingWsConfiguration$$EnhancerBySpringCGLIB$$e32ee8ad] is not eligible for getting processed by all BeanPostProcessors (for example: not eligible for auto-proxying)
2023-11-21 17:49:56,648 [restartedMain] INFO  org.springframework.ws.soap.addressing.server.AnnotationActionEndpointMapping(afterPropertiesSet:239) - Supporting [WS-Addressing August 2004, WS-Addressing 1.0]
2023-11-21 17:49:58,369 [restartedMain] INFO  org.springframework.boot.web.embedded.tomcat.TomcatWebServer(initialize:108) - Tomcat initialized with port(s): 6005 (http)
2023-11-21 17:49:58,611 [restartedMain] INFO  org.springframework.boot.web.servlet.context.ServletWebServerApplicationContext(prepareWebApplicationContext:292) - Root WebApplicationContext: initialization completed in 4205 ms
2023-11-21 17:50:01,122 [restartedMain] INFO  org.springframework.boot.devtools.autoconfigure.OptionalLiveReloadServer(startServer:59) - LiveReload server is running on port 35729
2023-11-21 17:50:02,643 [restartedMain] INFO  org.springframework.boot.web.embedded.tomcat.TomcatWebServer(start:220) - Tomcat started on port(s): 6005 (http) with context path ''
2023-11-21 17:50:27,682 [http-nio-6005-exec-9] INFO  org.springframework.web.servlet.DispatcherServlet(initServletBean:525) - Initializing Servlet 'dispatcherServlet'
2023-11-21 17:50:27,687 [http-nio-6005-exec-9] INFO  org.springframework.web.servlet.DispatcherServlet(initServletBean:547) - Completed initialization in 3 ms
2023-11-21 17:58:25,179 [restartedMain] INFO  org.springframework.boot.devtools.env.DevToolsPropertyDefaultsPostProcessor(logTo:255) - Devtools property defaults active! Set 'spring.devtools.add-properties' to 'false' to disable
2023-11-21 17:58:25,181 [restartedMain] INFO  org.springframework.boot.devtools.env.DevToolsPropertyDefaultsPostProcessor(logTo:255) - For additional web related logging consider setting the 'logging.level.web' property to 'DEBUG'
2023-11-21 17:58:27,214 [restartedMain] INFO  org.springframework.data.repository.config.RepositoryConfigurationDelegate(registerRepositoriesIn:132) - Bootstrapping Spring Data JDBC repositories in DEFAULT mode.
2023-11-21 17:58:27,251 [restartedMain] INFO  org.springframework.data.repository.config.RepositoryConfigurationDelegate(registerRepositoriesIn:201) - Finished Spring Data repository scanning in 27 ms. Found 0 JDBC repository interfaces.
2023-11-21 17:58:27,634 [restartedMain] INFO  org.springframework.cloud.context.scope.GenericScope(setSerializationId:283) - BeanFactory id=ba4cd953-a03b-3377-8c33-6e64943bb7d9
2023-11-21 17:58:27,959 [restartedMain] INFO  org.springframework.context.support.PostProcessorRegistrationDelegate$BeanPostProcessorChecker(postProcessAfterInitialization:376) - Bean 'org.springframework.ws.config.annotation.DelegatingWsConfiguration' of type [org.springframework.ws.config.annotation.DelegatingWsConfiguration$$EnhancerBySpringCGLIB$$7fb2f2b3] is not eligible for getting processed by all BeanPostProcessors (for example: not eligible for auto-proxying)
2023-11-21 17:58:28,020 [restartedMain] INFO  org.springframework.ws.soap.addressing.server.AnnotationActionEndpointMapping(afterPropertiesSet:239) - Supporting [WS-Addressing August 2004, WS-Addressing 1.0]
2023-11-21 17:58:29,857 [restartedMain] INFO  org.springframework.boot.web.embedded.tomcat.TomcatWebServer(initialize:108) - Tomcat initialized with port(s): 6005 (http)
2023-11-21 17:58:30,126 [restartedMain] INFO  org.springframework.boot.web.servlet.context.ServletWebServerApplicationContext(prepareWebApplicationContext:292) - Root WebApplicationContext: initialization completed in 4944 ms
2023-11-21 17:58:32,133 [restartedMain] INFO  org.springframework.boot.devtools.autoconfigure.OptionalLiveReloadServer(startServer:59) - LiveReload server is running on port 35729
2023-11-21 17:58:33,512 [restartedMain] INFO  org.springframework.boot.web.embedded.tomcat.TomcatWebServer(start:220) - Tomcat started on port(s): 6005 (http) with context path ''
2023-11-21 17:58:36,065 [http-nio-6005-exec-10] INFO  org.springframework.web.servlet.DispatcherServlet(initServletBean:525) - Initializing Servlet 'dispatcherServlet'
2023-11-21 17:58:36,067 [http-nio-6005-exec-10] INFO  org.springframework.web.servlet.DispatcherServlet(initServletBean:547) - Completed initialization in 1 ms
2023-11-21 17:59:20,335 [restartedMain] INFO  org.springframework.boot.devtools.env.DevToolsPropertyDefaultsPostProcessor(logTo:255) - Devtools property defaults active! Set 'spring.devtools.add-properties' to 'false' to disable
2023-11-21 17:59:20,336 [restartedMain] INFO  org.springframework.boot.devtools.env.DevToolsPropertyDefaultsPostProcessor(logTo:255) - For additional web related logging consider setting the 'logging.level.web' property to 'DEBUG'
2023-11-21 17:59:22,030 [restartedMain] INFO  org.springframework.data.repository.config.RepositoryConfigurationDelegate(registerRepositoriesIn:132) - Bootstrapping Spring Data JDBC repositories in DEFAULT mode.
2023-11-21 17:59:22,076 [restartedMain] INFO  org.springframework.data.repository.config.RepositoryConfigurationDelegate(registerRepositoriesIn:201) - Finished Spring Data repository scanning in 26 ms. Found 0 JDBC repository interfaces.
2023-11-21 17:59:22,498 [restartedMain] INFO  org.springframework.cloud.context.scope.GenericScope(setSerializationId:283) - BeanFactory id=ba4cd953-a03b-3377-8c33-6e64943bb7d9
2023-11-21 17:59:22,829 [restartedMain] INFO  org.springframework.context.support.PostProcessorRegistrationDelegate$BeanPostProcessorChecker(postProcessAfterInitialization:376) - Bean 'org.springframework.ws.config.annotation.DelegatingWsConfiguration' of type [org.springframework.ws.config.annotation.DelegatingWsConfiguration$$EnhancerBySpringCGLIB$$ece46435] is not eligible for getting processed by all BeanPostProcessors (for example: not eligible for auto-proxying)
2023-11-21 17:59:22,866 [restartedMain] INFO  org.springframework.ws.soap.addressing.server.AnnotationActionEndpointMapping(afterPropertiesSet:239) - Supporting [WS-Addressing August 2004, WS-Addressing 1.0]
2023-11-21 17:59:24,654 [restartedMain] INFO  org.springframework.boot.web.embedded.tomcat.TomcatWebServer(initialize:108) - Tomcat initialized with port(s): 6005 (http)
2023-11-21 17:59:24,859 [restartedMain] INFO  org.springframework.boot.web.servlet.context.ServletWebServerApplicationContext(prepareWebApplicationContext:292) - Root WebApplicationContext: initialization completed in 4522 ms
2023-11-21 17:59:26,552 [restartedMain] INFO  org.springframework.boot.devtools.autoconfigure.OptionalLiveReloadServer(startServer:59) - LiveReload server is running on port 35729
2023-11-21 17:59:28,010 [restartedMain] INFO  org.springframework.boot.web.embedded.tomcat.TomcatWebServer(start:220) - Tomcat started on port(s): 6005 (http) with context path ''
2023-11-21 17:59:28,832 [http-nio-6005-exec-1] INFO  org.springframework.web.servlet.DispatcherServlet(initServletBean:525) - Initializing Servlet 'dispatcherServlet'
2023-11-21 17:59:28,834 [http-nio-6005-exec-1] INFO  org.springframework.web.servlet.DispatcherServlet(initServletBean:547) - Completed initialization in 2 ms
