2023-11-23 16:31:21,001 [restartedMain] INFO  org.springframework.boot.devtools.env.DevToolsPropertyDefaultsPostProcessor(logTo:255) - Devtools property defaults active! Set 'spring.devtools.add-properties' to 'false' to disable
2023-11-23 16:31:21,015 [restartedMain] INFO  org.springframework.boot.devtools.env.DevToolsPropertyDefaultsPostProcessor(logTo:255) - For additional web related logging consider setting the 'logging.level.web' property to 'DEBUG'
2023-11-23 16:31:23,146 [restartedMain] INFO  org.springframework.data.repository.config.RepositoryConfigurationDelegate(registerRepositoriesIn:132) - Bootstrapping Spring Data JDBC repositories in DEFAULT mode.
2023-11-23 16:31:23,181 [restartedMain] INFO  org.springframework.data.repository.config.RepositoryConfigurationDelegate(registerRepositoriesIn:201) - Finished Spring Data repository scanning in 24 ms. Found 0 JDBC repository interfaces.
2023-11-23 16:31:23,721 [restartedMain] INFO  org.springframework.cloud.context.scope.GenericScope(setSerializationId:283) - BeanFactory id=ba4cd953-a03b-3377-8c33-6e64943bb7d9
2023-11-23 16:31:23,997 [restartedMain] INFO  org.springframework.context.support.PostProcessorRegistrationDelegate$BeanPostProcessorChecker(postProcessAfterInitialization:376) - Bean 'org.springframework.ws.config.annotation.DelegatingWsConfiguration' of type [org.springframework.ws.config.annotation.DelegatingWsConfiguration$$EnhancerBySpringCGLIB$$32d832f0] is not eligible for getting processed by all BeanPostProcessors (for example: not eligible for auto-proxying)
2023-11-23 16:31:24,062 [restartedMain] INFO  org.springframework.ws.soap.addressing.server.AnnotationActionEndpointMapping(afterPropertiesSet:239) - Supporting [WS-Addressing August 2004, WS-Addressing 1.0]
2023-11-23 16:31:25,975 [restartedMain] INFO  org.springframework.boot.web.embedded.tomcat.TomcatWebServer(initialize:108) - Tomcat initialized with port(s): 6005 (http)
2023-11-23 16:31:26,237 [restartedMain] INFO  org.springframework.boot.web.servlet.context.ServletWebServerApplicationContext(prepareWebApplicationContext:292) - Root WebApplicationContext: initialization completed in 5217 ms
2023-11-23 16:31:28,245 [restartedMain] INFO  org.springframework.boot.devtools.autoconfigure.OptionalLiveReloadServer(startServer:59) - LiveReload server is running on port 35729
2023-11-23 16:31:30,508 [restartedMain] INFO  org.springframework.boot.web.embedded.tomcat.TomcatWebServer(start:220) - Tomcat started on port(s): 6005 (http) with context path ''
2023-11-23 16:31:30,722 [http-nio-6005-exec-10] INFO  org.springframework.web.servlet.DispatcherServlet(initServletBean:525) - Initializing Servlet 'dispatcherServlet'
2023-11-23 16:31:30,724 [http-nio-6005-exec-10] INFO  org.springframework.web.servlet.DispatcherServlet(initServletBean:547) - Completed initialization in 2 ms
2023-11-23 16:56:05,005 [restartedMain] INFO  org.springframework.boot.devtools.env.DevToolsPropertyDefaultsPostProcessor(logTo:255) - Devtools property defaults active! Set 'spring.devtools.add-properties' to 'false' to disable
2023-11-23 16:56:05,006 [restartedMain] INFO  org.springframework.boot.devtools.env.DevToolsPropertyDefaultsPostProcessor(logTo:255) - For additional web related logging consider setting the 'logging.level.web' property to 'DEBUG'
2023-11-23 16:56:07,169 [restartedMain] INFO  org.springframework.data.repository.config.RepositoryConfigurationDelegate(registerRepositoriesIn:132) - Bootstrapping Spring Data JDBC repositories in DEFAULT mode.
2023-11-23 16:56:07,211 [restartedMain] INFO  org.springframework.data.repository.config.RepositoryConfigurationDelegate(registerRepositoriesIn:201) - Finished Spring Data repository scanning in 31 ms. Found 0 JDBC repository interfaces.
2023-11-23 16:56:07,580 [restartedMain] INFO  org.springframework.cloud.context.scope.GenericScope(setSerializationId:283) - BeanFactory id=ba4cd953-a03b-3377-8c33-6e64943bb7d9
2023-11-23 16:56:08,451 [restartedMain] INFO  org.springframework.context.support.PostProcessorRegistrationDelegate$BeanPostProcessorChecker(postProcessAfterInitialization:376) - Bean 'org.springframework.ws.config.annotation.DelegatingWsConfiguration' of type [org.springframework.ws.config.annotation.DelegatingWsConfiguration$$EnhancerBySpringCGLIB$$44b20116] is not eligible for getting processed by all BeanPostProcessors (for example: not eligible for auto-proxying)
2023-11-23 16:56:08,779 [restartedMain] INFO  org.springframework.ws.soap.addressing.server.AnnotationActionEndpointMapping(afterPropertiesSet:239) - Supporting [WS-Addressing August 2004, WS-Addressing 1.0]
2023-11-23 16:56:11,375 [restartedMain] INFO  org.springframework.boot.web.embedded.tomcat.TomcatWebServer(initialize:108) - Tomcat initialized with port(s): 6005 (http)
2023-11-23 16:56:11,691 [restartedMain] INFO  org.springframework.boot.web.servlet.context.ServletWebServerApplicationContext(prepareWebApplicationContext:292) - Root WebApplicationContext: initialization completed in 6684 ms
2023-11-23 16:56:13,586 [restartedMain] INFO  org.springframework.boot.devtools.autoconfigure.OptionalLiveReloadServer(startServer:59) - LiveReload server is running on port 35729
2023-11-23 16:56:15,129 [restartedMain] INFO  org.springframework.boot.web.embedded.tomcat.TomcatWebServer(start:220) - Tomcat started on port(s): 6005 (http) with context path ''
2023-11-23 16:56:19,669 [http-nio-6005-exec-7] INFO  org.springframework.web.servlet.DispatcherServlet(initServletBean:525) - Initializing Servlet 'dispatcherServlet'
2023-11-23 16:56:19,673 [http-nio-6005-exec-7] INFO  org.springframework.web.servlet.DispatcherServlet(initServletBean:547) - Completed initialization in 2 ms
2023-11-23 16:56:20,188 [http-nio-6005-exec-7] WARN  org.springframework.web.servlet.mvc.method.annotation.ExceptionHandlerExceptionResolver(logException:208) - Resolved [org.springframework.http.converter.HttpMessageNotReadableException: Required request body is missing: public java.util.Map<java.lang.String, java.lang.Object> com.lime.api.freeBoard.controller.FreeBoardController.freeBoardList(com.lime.framework.dto.SearchDto)]
2023-11-23 16:56:42,027 [http-nio-6005-exec-8] WARN  org.springframework.web.servlet.mvc.method.annotation.ExceptionHandlerExceptionResolver(logException:208) - Resolved [org.springframework.http.converter.HttpMessageNotReadableException: Required request body is missing: public java.util.Map<java.lang.String, java.lang.Object> com.lime.api.freeBoard.controller.FreeBoardController.freeBoardList(com.lime.framework.dto.SearchDto)]
2023-11-23 16:56:57,526 [http-nio-6005-exec-6] WARN  org.springframework.web.servlet.mvc.method.annotation.ExceptionHandlerExceptionResolver(logException:208) - Resolved [org.springframework.http.converter.HttpMessageNotReadableException: Required request body is missing: public java.util.Map<java.lang.String, java.lang.Object> com.lime.api.freeBoard.controller.FreeBoardController.freeBoardList(com.lime.framework.dto.SearchDto)]
2023-11-23 16:56:59,144 [http-nio-6005-exec-10] WARN  org.springframework.web.servlet.mvc.method.annotation.ExceptionHandlerExceptionResolver(logException:208) - Resolved [org.springframework.http.converter.HttpMessageNotReadableException: Required request body is missing: public java.util.Map<java.lang.String, java.lang.Object> com.lime.api.freeBoard.controller.FreeBoardController.freeBoardList(com.lime.framework.dto.SearchDto)]
2023-11-23 16:57:31,709 [restartedMain] INFO  org.springframework.boot.devtools.env.DevToolsPropertyDefaultsPostProcessor(logTo:255) - Devtools property defaults active! Set 'spring.devtools.add-properties' to 'false' to disable
2023-11-23 16:57:31,710 [restartedMain] INFO  org.springframework.boot.devtools.env.DevToolsPropertyDefaultsPostProcessor(logTo:255) - For additional web related logging consider setting the 'logging.level.web' property to 'DEBUG'
2023-11-23 16:57:33,811 [restartedMain] INFO  org.springframework.data.repository.config.RepositoryConfigurationDelegate(registerRepositoriesIn:132) - Bootstrapping Spring Data JDBC repositories in DEFAULT mode.
2023-11-23 16:57:33,847 [restartedMain] INFO  org.springframework.data.repository.config.RepositoryConfigurationDelegate(registerRepositoriesIn:201) - Finished Spring Data repository scanning in 26 ms. Found 0 JDBC repository interfaces.
2023-11-23 16:57:34,216 [restartedMain] INFO  org.springframework.cloud.context.scope.GenericScope(setSerializationId:283) - BeanFactory id=ba4cd953-a03b-3377-8c33-6e64943bb7d9
2023-11-23 16:57:34,633 [restartedMain] INFO  org.springframework.context.support.PostProcessorRegistrationDelegate$BeanPostProcessorChecker(postProcessAfterInitialization:376) - Bean 'org.springframework.ws.config.annotation.DelegatingWsConfiguration' of type [org.springframework.ws.config.annotation.DelegatingWsConfiguration$$EnhancerBySpringCGLIB$$6576c037] is not eligible for getting processed by all BeanPostProcessors (for example: not eligible for auto-proxying)
2023-11-23 16:57:34,714 [restartedMain] INFO  org.springframework.ws.soap.addressing.server.AnnotationActionEndpointMapping(afterPropertiesSet:239) - Supporting [WS-Addressing August 2004, WS-Addressing 1.0]
2023-11-23 16:57:38,854 [restartedMain] INFO  org.springframework.boot.web.embedded.tomcat.TomcatWebServer(initialize:108) - Tomcat initialized with port(s): 6005 (http)
2023-11-23 16:57:39,372 [restartedMain] INFO  org.springframework.boot.web.servlet.context.ServletWebServerApplicationContext(prepareWebApplicationContext:292) - Root WebApplicationContext: initialization completed in 7661 ms
2023-11-23 16:57:43,736 [restartedMain] INFO  org.springframework.boot.devtools.autoconfigure.OptionalLiveReloadServer(startServer:59) - LiveReload server is running on port 35729
2023-11-23 16:57:45,097 [restartedMain] INFO  org.springframework.boot.web.embedded.tomcat.TomcatWebServer(start:220) - Tomcat started on port(s): 6005 (http) with context path ''
2023-11-23 16:57:45,260 [http-nio-6005-exec-10] INFO  org.springframework.web.servlet.DispatcherServlet(initServletBean:525) - Initializing Servlet 'dispatcherServlet'
2023-11-23 16:57:45,262 [http-nio-6005-exec-10] INFO  org.springframework.web.servlet.DispatcherServlet(initServletBean:547) - Completed initialization in 1 ms
2023-11-23 16:59:53,586 [restartedMain] INFO  org.springframework.boot.devtools.env.DevToolsPropertyDefaultsPostProcessor(logTo:255) - Devtools property defaults active! Set 'spring.devtools.add-properties' to 'false' to disable
2023-11-23 16:59:53,586 [restartedMain] INFO  org.springframework.boot.devtools.env.DevToolsPropertyDefaultsPostProcessor(logTo:255) - For additional web related logging consider setting the 'logging.level.web' property to 'DEBUG'
2023-11-23 16:59:55,474 [restartedMain] INFO  org.springframework.data.repository.config.RepositoryConfigurationDelegate(registerRepositoriesIn:132) - Bootstrapping Spring Data JDBC repositories in DEFAULT mode.
2023-11-23 16:59:55,511 [restartedMain] INFO  org.springframework.data.repository.config.RepositoryConfigurationDelegate(registerRepositoriesIn:201) - Finished Spring Data repository scanning in 28 ms. Found 0 JDBC repository interfaces.
2023-11-23 16:59:55,916 [restartedMain] INFO  org.springframework.cloud.context.scope.GenericScope(setSerializationId:283) - BeanFactory id=ba4cd953-a03b-3377-8c33-6e64943bb7d9
2023-11-23 16:59:56,494 [restartedMain] INFO  org.springframework.context.support.PostProcessorRegistrationDelegate$BeanPostProcessorChecker(postProcessAfterInitialization:376) - Bean 'org.springframework.ws.config.annotation.DelegatingWsConfiguration' of type [org.springframework.ws.config.annotation.DelegatingWsConfiguration$$EnhancerBySpringCGLIB$$78e24c84] is not eligible for getting processed by all BeanPostProcessors (for example: not eligible for auto-proxying)
2023-11-23 16:59:56,558 [restartedMain] INFO  org.springframework.ws.soap.addressing.server.AnnotationActionEndpointMapping(afterPropertiesSet:239) - Supporting [WS-Addressing August 2004, WS-Addressing 1.0]
2023-11-23 16:59:58,851 [restartedMain] INFO  org.springframework.boot.web.embedded.tomcat.TomcatWebServer(initialize:108) - Tomcat initialized with port(s): 6005 (http)
2023-11-23 16:59:59,158 [restartedMain] INFO  org.springframework.boot.web.servlet.context.ServletWebServerApplicationContext(prepareWebApplicationContext:292) - Root WebApplicationContext: initialization completed in 5570 ms
